WARNING:werkzeug: * Debugger is active!
WARNING:werkzeug: * Debugger is active!
WARNING:werkzeug: * Debugger is active!
INFO:werkzeug: * Debugger PIN: 265-406-797
INFO:werkzeug: * Detected change in '/Users/leosin/http/205CDE_Project/crm/db_connection.py', reloading
WARNING:werkzeug: * Debugger is active!
INFO:werkzeug: * Debugger PIN: 265-406-797
DEBUG:root:SELECT * FROM staff WHERE username = 'admin' AND (role+0) >= 2
DEBUG:root:SELECT * FROM navigation ORDER BY position
DEBUG:root:SELECT * FROM staff WHERE username = 'admin' AND (role+0) >= 2
DEBUG:root:SELECT * FROM navigation ORDER BY position
DEBUG:root:SELECT * FROM navigation
INFO:werkzeug:127.0.0.1 - - [18/Mar/2018 21:42:15] "GET /admin/cms_navbar.html HTTP/1.1" 200 -
INFO:werkzeug: * Detected change in '/Users/leosin/http/205CDE_Project/crm/views.py', reloading
WARNING:werkzeug: * Debugger is active!
INFO:werkzeug: * Debugger PIN: 265-406-797
DEBUG:root:SELECT * FROM staff WHERE username = 'admin' AND (role+0) >= 2
DEBUG:root:SELECT * FROM navigation ORDER BY position
DEBUG:root:SELECT * FROM staff WHERE username = 'admin' AND (role+0) >= 2
DEBUG:root:SELECT * FROM navigation ORDER BY position
DEBUG:root:SELECT * FROM navigation
INFO:werkzeug:127.0.0.1 - - [18/Mar/2018 21:43:19] "GET /admin/cms_navbar.html HTTP/1.1" 200 -
INFO:werkzeug: * Detected change in '/Users/leosin/http/205CDE_Project/crm/utils.py', reloading
WARNING:werkzeug: * Debugger is active!
INFO:werkzeug: * Debugger PIN: 265-406-797
DEBUG:root:SELECT * FROM staff WHERE username = 'admin' AND (role+0) >= 2
DEBUG:root:[OrderedDict([('id', 1), ('username', 'admin'), ('password', 'admin'), ('firstname', 'Leo'), ('lastname', 'Sin'), ('email', 'lfsin3-c@my.cityu.edu.hk'), ('role', 'admin')])]
DEBUG:root:SELECT * FROM navigation ORDER BY position
DEBUG:root:SELECT * FROM staff WHERE username = 'admin' AND (role+0) >= 2
DEBUG:root:[OrderedDict([('id', 1), ('username', 'admin'), ('password', 'admin'), ('firstname', 'Leo'), ('lastname', 'Sin'), ('email', 'lfsin3-c@my.cityu.edu.hk'), ('role', 'admin')])]
DEBUG:root:SELECT * FROM navigation ORDER BY position
DEBUG:root:SELECT * FROM navigation
INFO:werkzeug:127.0.0.1 - - [18/Mar/2018 21:44:52] "GET /admin/cms_navbar.html HTTP/1.1" 200 -
